<?xml version="1.0" encoding="UTF-8"?>
<coverage generated="1539119722381" clover="3.2.0">
  <project timestamp="1539119722382" name="All files">
    <metrics statements="5" coveredstatements="5" conditionals="47" coveredconditionals="27" methods="14" coveredmethods="12" elements="66" coveredelements="44" complexity="0" loc="5" ncloc="5" packages="1" files="1" classes="1">
      <file name="LandingScreen.js" path="/Users/johnamuesi/Documents/PRODUCTION/REACTNATIVE/STINT/stint/src/screens/LandingScreen/LandingScreen.js">
        <metrics statements="5" coveredstatements="5" conditionals="47" coveredconditionals="27" methods="14" coveredmethods="12"/>
        <line num="1" count="1" type="stmt"/>
        <line num="2" count="16" type="cond" truecount="27" falsecount="20"/>
        <line num="3" count="1" type="stmt"/>
        <line num="5" count="1" type="stmt"/>
        <line num="32" count="1" type="stmt"/>
      </file>
    </metrics>
  </project>
</coverage>
