{"/Users/johnamuesi/Documents/PRODUCTION/REACTNATIVE/STINT/stint/src/screens/LandingScreen/LandingScreen.js": {"path":"/Users/johnamuesi/Documents/PRODUCTION/REACTNATIVE/STINT/stint/src/screens/LandingScreen/LandingScreen.js","statementMap":{"0":{"start":{"line":1,"column":13},"end":{"line":1,"column":75}},"1":{"start":{"line":1,"column":75},"end":{"line":1,"column":100}},"2":{"start":{"line":1,"column":113},"end":{"line":1,"column":154}},"3":{"start":{"line":2,"column":18},"end":{"line":2,"column":40}},"4":{"start":{"line":2,"column":60},"end":{"line":2,"column":167}},"5":{"start":{"line":2,"column":207},"end":{"line":2,"column":619}},"6":{"start":{"line":2,"column":235},"end":{"line":2,"column":246}},"7":{"start":{"line":2,"column":267},"end":{"line":2,"column":269}},"8":{"start":{"line":2,"column":270},"end":{"line":2,"column":583}},"9":{"start":{"line":2,"column":288},"end":{"line":2,"column":582}},"10":{"start":{"line":2,"column":310},"end":{"line":2,"column":581}},"11":{"start":{"line":2,"column":374},"end":{"line":2,"column":479}},"12":{"start":{"line":2,"column":480},"end":{"line":2,"column":580}},"13":{"start":{"line":2,"column":507},"end":{"line":2,"column":548}},"14":{"start":{"line":2,"column":556},"end":{"line":2,"column":579}},"15":{"start":{"line":2,"column":583},"end":{"line":2,"column":604}},"16":{"start":{"line":2,"column":604},"end":{"line":2,"column":618}},"17":{"start":{"line":2,"column":669},"end":{"line":2,"column":768}},"18":{"start":{"line":2,"column":710},"end":{"line":2,"column":767}},"19":{"start":{"line":2,"column":812},"end":{"line":2,"column":1077}},"20":{"start":{"line":2,"column":869},"end":{"line":2,"column":877}},"21":{"start":{"line":2,"column":878},"end":{"line":2,"column":933}},"22":{"start":{"line":2,"column":933},"end":{"line":2,"column":964}},"23":{"start":{"line":2,"column":964},"end":{"line":2,"column":1018}},"24":{"start":{"line":2,"column":991},"end":{"line":2,"column":1018}},"25":{"start":{"line":2,"column":1018},"end":{"line":2,"column":1076}},"26":{"start":{"line":2,"column":1139},"end":{"line":2,"column":1208}},"27":{"start":{"line":2,"column":1155},"end":{"line":2,"column":1208}},"28":{"start":{"line":2,"column":1208},"end":{"line":2,"column":1269}},"29":{"start":{"line":2,"column":1225},"end":{"line":2,"column":1269}},"30":{"start":{"line":2,"column":1269},"end":{"line":2,"column":1288}},"31":{"start":{"line":2,"column":1338},"end":{"line":2,"column":1422}},"32":{"start":{"line":2,"column":1409},"end":{"line":2,"column":1421}},"33":{"start":{"line":2,"column":1422},"end":{"line":2,"column":1458}},"34":{"start":{"line":2,"column":1498},"end":{"line":2,"column":1607}},"35":{"start":{"line":2,"column":1520},"end":{"line":2,"column":1606}},"36":{"start":{"line":2,"column":1607},"end":{"line":2,"column":1619}},"37":{"start":{"line":2,"column":1649},"end":{"line":2,"column":1793}},"38":{"start":{"line":2,"column":1744},"end":{"line":2,"column":1791}},"39":{"start":{"line":2,"column":1793},"end":{"line":2,"column":1819}},"40":{"start":{"line":2,"column":1862},"end":{"line":2,"column":1999}},"41":{"start":{"line":2,"column":1924},"end":{"line":2,"column":1998}},"42":{"start":{"line":2,"column":1999},"end":{"line":2,"column":2144}},"43":{"start":{"line":2,"column":2144},"end":{"line":2,"column":2198}},"44":{"start":{"line":2,"column":2160},"end":{"line":2,"column":2198}},"45":{"start":{"line":2,"column":2231},"end":{"line":2,"column":2333}},"46":{"start":{"line":2,"column":2306},"end":{"line":2,"column":2322}},"47":{"start":{"line":2,"column":2322},"end":{"line":2,"column":2331}},"48":{"start":{"line":2,"column":2333},"end":{"line":2,"column":2362}},"49":{"start":{"line":3,"column":17},"end":{"line":32,"column":51}},"50":{"start":{"line":3,"column":40},"end":{"line":3,"column":78}},"51":{"start":{"line":3,"column":105},"end":{"line":3,"column":143}},"52":{"start":{"line":3,"column":143},"end":{"line":3,"column":239}},"53":{"start":{"line":3,"column":240},"end":{"line":32,"column":10}},"54":{"start":{"line":5,"column":6},"end":{"line":26,"column":128}},"55":{"start":{"line":32,"column":10},"end":{"line":32,"column":32}},"56":{"start":{"line":32,"column":52},"end":{"line":32,"column":85}}},"fnMap":{"0":{"name":"_interopRequireWildcard","decl":{"start":{"line":2,"column":177},"end":{"line":2,"column":200}},"loc":{"start":{"line":2,"column":206},"end":{"line":2,"column":620}},"line":2},"1":{"name":"_classCallCheck","decl":{"start":{"line":2,"column":629},"end":{"line":2,"column":644}},"loc":{"start":{"line":2,"column":668},"end":{"line":2,"column":769}},"line":2},"2":{"name":"_defineProperties","decl":{"start":{"line":2,"column":778},"end":{"line":2,"column":795}},"loc":{"start":{"line":2,"column":811},"end":{"line":2,"column":1078}},"line":2},"3":{"name":"_createClass","decl":{"start":{"line":2,"column":1087},"end":{"line":2,"column":1099}},"loc":{"start":{"line":2,"column":1138},"end":{"line":2,"column":1289}},"line":2},"4":{"name":"_possibleConstructorReturn","decl":{"start":{"line":2,"column":1298},"end":{"line":2,"column":1324}},"loc":{"start":{"line":2,"column":1337},"end":{"line":2,"column":1459}},"line":2},"5":{"name":"_assertThisInitialized","decl":{"start":{"line":2,"column":1468},"end":{"line":2,"column":1490}},"loc":{"start":{"line":2,"column":1497},"end":{"line":2,"column":1620}},"line":2},"6":{"name":"_getPrototypeOf","decl":{"start":{"line":2,"column":1629},"end":{"line":2,"column":1644}},"loc":{"start":{"line":2,"column":1648},"end":{"line":2,"column":1820}},"line":2},"7":{"name":"_getPrototypeOf","decl":{"start":{"line":2,"column":1724},"end":{"line":2,"column":1739}},"loc":{"start":{"line":2,"column":1743},"end":{"line":2,"column":1792}},"line":2},"8":{"name":"_inherits","decl":{"start":{"line":2,"column":1829},"end":{"line":2,"column":1838}},"loc":{"start":{"line":2,"column":1861},"end":{"line":2,"column":2199}},"line":2},"9":{"name":"_setPrototypeOf","decl":{"start":{"line":2,"column":2208},"end":{"line":2,"column":2223}},"loc":{"start":{"line":2,"column":2230},"end":{"line":2,"column":2363}},"line":2},"10":{"name":"_setPrototypeOf","decl":{"start":{"line":2,"column":2283},"end":{"line":2,"column":2298}},"loc":{"start":{"line":2,"column":2305},"end":{"line":2,"column":2332}},"line":2},"11":{"name":"(anonymous_11)","decl":{"start":{"line":3,"column":17},"end":{"line":3,"column":18}},"loc":{"start":{"line":3,"column":39},"end":{"line":32,"column":33}},"line":3},"12":{"name":"AnatomyExample","decl":{"start":{"line":3,"column":87},"end":{"line":3,"column":101}},"loc":{"start":{"line":3,"column":104},"end":{"line":3,"column":240}},"line":3},"13":{"name":"render","decl":{"start":{"line":3,"column":303},"end":{"line":3,"column":309}},"loc":{"start":{"line":4,"column":4},"end":{"line":32,"column":5}},"line":4}},"branchMap":{"0":{"loc":{"start":{"line":2,"column":207},"end":{"line":2,"column":619}},"type":"if","locations":[{"start":{"line":2,"column":207},"end":{"line":2,"column":619}},{"start":{"line":2,"column":207},"end":{"line":2,"column":619}}],"line":2},"1":{"loc":{"start":{"line":2,"column":211},"end":{"line":2,"column":232}},"type":"binary-expr","locations":[{"start":{"line":2,"column":211},"end":{"line":2,"column":214}},{"start":{"line":2,"column":218},"end":{"line":2,"column":232}}],"line":2},"2":{"loc":{"start":{"line":2,"column":270},"end":{"line":2,"column":583}},"type":"if","locations":[{"start":{"line":2,"column":270},"end":{"line":2,"column":583}},{"start":{"line":2,"column":270},"end":{"line":2,"column":583}}],"line":2},"3":{"loc":{"start":{"line":2,"column":310},"end":{"line":2,"column":581}},"type":"if","locations":[{"start":{"line":2,"column":310},"end":{"line":2,"column":581}},{"start":{"line":2,"column":310},"end":{"line":2,"column":581}}],"line":2},"4":{"loc":{"start":{"line":2,"column":374},"end":{"line":2,"column":479}},"type":"cond-expr","locations":[{"start":{"line":2,"column":433},"end":{"line":2,"column":474}},{"start":{"line":2,"column":477},"end":{"line":2,"column":479}}],"line":2},"5":{"loc":{"start":{"line":2,"column":374},"end":{"line":2,"column":430}},"type":"binary-expr","locations":[{"start":{"line":2,"column":374},"end":{"line":2,"column":395}},{"start":{"line":2,"column":399},"end":{"line":2,"column":430}}],"line":2},"6":{"loc":{"start":{"line":2,"column":480},"end":{"line":2,"column":580}},"type":"if","locations":[{"start":{"line":2,"column":480},"end":{"line":2,"column":580}},{"start":{"line":2,"column":480},"end":{"line":2,"column":580}}],"line":2},"7":{"loc":{"start":{"line":2,"column":484},"end":{"line":2,"column":504}},"type":"binary-expr","locations":[{"start":{"line":2,"column":484},"end":{"line":2,"column":492}},{"start":{"line":2,"column":496},"end":{"line":2,"column":504}}],"line":2},"8":{"loc":{"start":{"line":2,"column":669},"end":{"line":2,"column":768}},"type":"if","locations":[{"start":{"line":2,"column":669},"end":{"line":2,"column":768}},{"start":{"line":2,"column":669},"end":{"line":2,"column":768}}],"line":2},"9":{"loc":{"start":{"line":2,"column":902},"end":{"line":2,"column":932}},"type":"binary-expr","locations":[{"start":{"line":2,"column":902},"end":{"line":2,"column":923}},{"start":{"line":2,"column":927},"end":{"line":2,"column":932}}],"line":2},"10":{"loc":{"start":{"line":2,"column":964},"end":{"line":2,"column":1018}},"type":"if","locations":[{"start":{"line":2,"column":964},"end":{"line":2,"column":1018}},{"start":{"line":2,"column":964},"end":{"line":2,"column":1018}}],"line":2},"11":{"loc":{"start":{"line":2,"column":1139},"end":{"line":2,"column":1208}},"type":"if","locations":[{"start":{"line":2,"column":1139},"end":{"line":2,"column":1208}},{"start":{"line":2,"column":1139},"end":{"line":2,"column":1208}}],"line":2},"12":{"loc":{"start":{"line":2,"column":1208},"end":{"line":2,"column":1269}},"type":"if","locations":[{"start":{"line":2,"column":1208},"end":{"line":2,"column":1269}},{"start":{"line":2,"column":1208},"end":{"line":2,"column":1269}}],"line":2},"13":{"loc":{"start":{"line":2,"column":1338},"end":{"line":2,"column":1422}},"type":"if","locations":[{"start":{"line":2,"column":1338},"end":{"line":2,"column":1422}},{"start":{"line":2,"column":1338},"end":{"line":2,"column":1422}}],"line":2},"14":{"loc":{"start":{"line":2,"column":1342},"end":{"line":2,"column":1406}},"type":"binary-expr","locations":[{"start":{"line":2,"column":1342},"end":{"line":2,"column":1346}},{"start":{"line":2,"column":1351},"end":{"line":2,"column":1375}},{"start":{"line":2,"column":1379},"end":{"line":2,"column":1405}}],"line":2},"15":{"loc":{"start":{"line":2,"column":1498},"end":{"line":2,"column":1607}},"type":"if","locations":[{"start":{"line":2,"column":1498},"end":{"line":2,"column":1607}},{"start":{"line":2,"column":1498},"end":{"line":2,"column":1607}}],"line":2},"16":{"loc":{"start":{"line":2,"column":1667},"end":{"line":2,"column":1792}},"type":"cond-expr","locations":[{"start":{"line":2,"column":1691},"end":{"line":2,"column":1712}},{"start":{"line":2,"column":1715},"end":{"line":2,"column":1792}}],"line":2},"17":{"loc":{"start":{"line":2,"column":1751},"end":{"line":2,"column":1790}},"type":"binary-expr","locations":[{"start":{"line":2,"column":1751},"end":{"line":2,"column":1762}},{"start":{"line":2,"column":1766},"end":{"line":2,"column":1790}}],"line":2},"18":{"loc":{"start":{"line":2,"column":1862},"end":{"line":2,"column":1999}},"type":"if","locations":[{"start":{"line":2,"column":1862},"end":{"line":2,"column":1999}},{"start":{"line":2,"column":1862},"end":{"line":2,"column":1999}}],"line":2},"19":{"loc":{"start":{"line":2,"column":1866},"end":{"line":2,"column":1921}},"type":"binary-expr","locations":[{"start":{"line":2,"column":1866},"end":{"line":2,"column":1898}},{"start":{"line":2,"column":1902},"end":{"line":2,"column":1921}}],"line":2},"20":{"loc":{"start":{"line":2,"column":2034},"end":{"line":2,"column":2068}},"type":"binary-expr","locations":[{"start":{"line":2,"column":2034},"end":{"line":2,"column":2044}},{"start":{"line":2,"column":2048},"end":{"line":2,"column":2068}}],"line":2},"21":{"loc":{"start":{"line":2,"column":2144},"end":{"line":2,"column":2198}},"type":"if","locations":[{"start":{"line":2,"column":2144},"end":{"line":2,"column":2198}},{"start":{"line":2,"column":2144},"end":{"line":2,"column":2198}}],"line":2},"22":{"loc":{"start":{"line":2,"column":2249},"end":{"line":2,"column":2332}},"type":"binary-expr","locations":[{"start":{"line":2,"column":2249},"end":{"line":2,"column":2270}},{"start":{"line":2,"column":2274},"end":{"line":2,"column":2332}}],"line":2}},"s":{"0":1,"1":1,"2":1,"3":1,"4":1,"5":1,"6":0,"7":1,"8":1,"9":1,"10":16,"11":16,"12":16,"13":0,"14":16,"15":1,"16":1,"17":1,"18":0,"19":1,"20":1,"21":1,"22":1,"23":1,"24":1,"25":1,"26":1,"27":1,"28":1,"29":0,"30":1,"31":1,"32":0,"33":1,"34":1,"35":0,"36":1,"37":1,"38":0,"39":1,"40":1,"41":0,"42":1,"43":1,"44":1,"45":1,"46":0,"47":0,"48":1,"49":1,"50":1,"51":1,"52":1,"53":1,"54":1,"55":1,"56":1},"f":{"0":1,"1":1,"2":1,"3":1,"4":1,"5":1,"6":1,"7":0,"8":1,"9":1,"10":0,"11":1,"12":1,"13":1},"b":{"0":[0,1],"1":[1,1],"2":[1,0],"3":[16,0],"4":[16,0],"5":[16,16],"6":[0,16],"7":[16,16],"8":[0,1],"9":[1,1],"10":[1,0],"11":[1,0],"12":[0,1],"13":[0,1],"14":[1,0,0],"15":[0,1],"16":[1,0],"17":[0,0],"18":[0,1],"19":[1,0],"20":[1,1],"21":[1,0],"22":[1,0]},"_coverageSchema":"332fd63041d2c1bcb487cc26dd0d5f7d97098a6c","hash":"c8a96877d5d07153b1ddf200019ca6463d571d8e"}
}
