TN:
SF:/Users/johnamuesi/Documents/PRODUCTION/REACTNATIVE/STINT/stint/src/screens/LandingScreen/LandingScreen.js
FN:2,_interopRequireWildcard
FN:2,_classCallCheck
FN:2,_defineProperties
FN:2,_createClass
FN:2,_possibleConstructorReturn
FN:2,_assertThisInitialized
FN:2,_getPrototypeOf
FN:2,_getPrototypeOf
FN:2,_inherits
FN:2,_setPrototypeOf
FN:2,_setPrototypeOf
FN:3,(anonymous_11)
FN:3,AnatomyExample
FN:3,render
FNF:14
FNH:12
FNDA:1,_interopRequireWildcard
FNDA:1,_classCallCheck
FNDA:1,_defineProperties
FNDA:1,_createClass
FNDA:1,_possibleConstructorReturn
FNDA:1,_assertThisInitialized
FNDA:1,_getPrototypeOf
FNDA:0,_getPrototypeOf
FNDA:1,_inherits
FNDA:1,_setPrototypeOf
FNDA:0,_setPrototypeOf
FNDA:1,(anonymous_11)
FNDA:1,AnatomyExample
FNDA:1,render
DA:1,1
DA:2,16
DA:3,1
DA:5,1
DA:32,1
LF:5
LH:5
BRDA:2,0,0,0
BRDA:2,0,1,1
BRDA:2,1,0,1
BRDA:2,1,1,1
BRDA:2,2,0,1
BRDA:2,2,1,0
BRDA:2,3,0,16
BRDA:2,3,1,0
BRDA:2,4,0,16
BRDA:2,4,1,0
BRDA:2,5,0,16
BRDA:2,5,1,16
BRDA:2,6,0,0
BRDA:2,6,1,16
BRDA:2,7,0,16
BRDA:2,7,1,16
BRDA:2,8,0,0
BRDA:2,8,1,1
BRDA:2,9,0,1
BRDA:2,9,1,1
BRDA:2,10,0,1
BRDA:2,10,1,0
BRDA:2,11,0,1
BRDA:2,11,1,0
BRDA:2,12,0,0
BRDA:2,12,1,1
BRDA:2,13,0,0
BRDA:2,13,1,1
BRDA:2,14,0,1
BRDA:2,14,1,0
BRDA:2,14,2,0
BRDA:2,15,0,0
BRDA:2,15,1,1
BRDA:2,16,0,1
BRDA:2,16,1,0
BRDA:2,17,0,0
BRDA:2,17,1,0
BRDA:2,18,0,0
BRDA:2,18,1,1
BRDA:2,19,0,1
BRDA:2,19,1,0
BRDA:2,20,0,1
BRDA:2,20,1,1
BRDA:2,21,0,1
BRDA:2,21,1,0
BRDA:2,22,0,1
BRDA:2,22,1,0
BRF:47
BRH:27
end_of_record
